<?xml version="1.0" encoding="UTF-8"?>
<testng-results ignored="0" total="2" passed="1" failed="1" skipped="0">
  <reporter-output>
  </reporter-output>
  <suite started-at="2023-09-04T20:23:40 IST" name="Suite" finished-at="2023-09-04T20:24:00 IST" duration-ms="20405">
    <groups>
    </groups>
    <test started-at="2023-09-04T20:23:40 IST" name="Test" finished-at="2023-09-04T20:24:00 IST" duration-ms="20405">
      <class name="com.autointelli.demo.AutointelliPageTest">
        <test-method signature="allPageTest()[pri:0, instance:com.autointelli.demo.AutointelliPageTest@415156bf]" started-at="2023-09-04T20:23:40 IST" name="allPageTest" finished-at="2023-09-04T20:23:43 IST" duration-ms="3419" status="FAIL">
          <exception class="org.openqa.selenium.NoSuchSessionException">
            <message>
              <![CDATA[WebDriver session does not exist, or is not active
Build info: version: '4.11.0', revision: '040bc5406b'
System info: os.name: 'Windows 11', os.arch: 'amd64', os.version: '10.0', java.version: '17.0.8'
Driver info: org.openqa.selenium.firefox.FirefoxDriver
Command: [d20a93b0-8170-49d8-a116-2b1d452f45a8, maximizeCurrentWindow {}]
Capabilities {acceptInsecureCerts: true, browserName: firefox, browserVersion: 117.0, moz:accessibilityChecks: false, moz:buildID: 20230824132758, moz:debuggerAddress: 127.0.0.1:10920, moz:geckodriverVersion: 0.33.0, moz:headless: false, moz:platformVersion: 10.0, moz:processID: 1320, moz:profile: C:\Users\surya\AppData\Loca..., moz:shutdownTimeout: 60000, moz:webdriverClick: true, moz:windowless: false, pageLoadStrategy: normal, platformName: windows, proxy: Proxy(), se:cdp: ws://127.0.0.1:10920/devtoo..., se:cdpVersion: 85.0, setWindowRect: true, strictFileInteractability: false, timeouts: {implicit: 0, pageLoad: 300000, script: 30000}, unhandledPromptBehavior: dismiss and notify}
Session ID: d20a93b0-8170-49d8-a116-2b1d452f45a8]]>
            </message>
            <full-stacktrace>
              <![CDATA[org.openqa.selenium.NoSuchSessionException: WebDriver session does not exist, or is not active
Build info: version: '4.11.0', revision: '040bc5406b'
System info: os.name: 'Windows 11', os.arch: 'amd64', os.version: '10.0', java.version: '17.0.8'
Driver info: org.openqa.selenium.firefox.FirefoxDriver
Command: [d20a93b0-8170-49d8-a116-2b1d452f45a8, maximizeCurrentWindow {}]
Capabilities {acceptInsecureCerts: true, browserName: firefox, browserVersion: 117.0, moz:accessibilityChecks: false, moz:buildID: 20230824132758, moz:debuggerAddress: 127.0.0.1:10920, moz:geckodriverVersion: 0.33.0, moz:headless: false, moz:platformVersion: 10.0, moz:processID: 1320, moz:profile: C:\Users\surya\AppData\Loca..., moz:shutdownTimeout: 60000, moz:webdriverClick: true, moz:windowless: false, pageLoadStrategy: normal, platformName: windows, proxy: Proxy(), se:cdp: ws://127.0.0.1:10920/devtoo..., se:cdpVersion: 85.0, setWindowRect: true, strictFileInteractability: false, timeouts: {implicit: 0, pageLoad: 300000, script: 30000}, unhandledPromptBehavior: dismiss and notify}
Session ID: d20a93b0-8170-49d8-a116-2b1d452f45a8
at java.base/jdk.internal.reflect.NativeConstructorAccessorImpl.newInstance0(Native Method)
at java.base/jdk.internal.reflect.NativeConstructorAccessorImpl.newInstance(NativeConstructorAccessorImpl.java:77)
at java.base/jdk.internal.reflect.DelegatingConstructorAccessorImpl.newInstance(DelegatingConstructorAccessorImpl.java:45)
at java.base/java.lang.reflect.Constructor.newInstanceWithCaller(Constructor.java:499)
at java.base/java.lang.reflect.Constructor.newInstance(Constructor.java:480)
at org.openqa.selenium.remote.codec.w3c.W3CHttpResponseCodec.createException(W3CHttpResponseCodec.java:200)
at org.openqa.selenium.remote.codec.w3c.W3CHttpResponseCodec.decode(W3CHttpResponseCodec.java:133)
at org.openqa.selenium.remote.codec.w3c.W3CHttpResponseCodec.decode(W3CHttpResponseCodec.java:52)
at org.openqa.selenium.remote.HttpCommandExecutor.execute(HttpCommandExecutor.java:191)
at org.openqa.selenium.remote.service.DriverCommandExecutor.invokeExecute(DriverCommandExecutor.java:196)
at org.openqa.selenium.remote.service.DriverCommandExecutor.execute(DriverCommandExecutor.java:171)
at org.openqa.selenium.remote.RemoteWebDriver.execute(RemoteWebDriver.java:518)
at org.openqa.selenium.remote.RemoteWebDriver.execute(RemoteWebDriver.java:591)
at org.openqa.selenium.remote.RemoteWebDriver.execute(RemoteWebDriver.java:595)
at org.openqa.selenium.remote.RemoteWebDriver$RemoteWebDriverOptions$RemoteWindow.maximize(RemoteWebDriver.java:978)
at com.autointelli.demo.AutointelliPageTest.allPageTest(AutointelliPageTest.java:43)
at java.base/jdk.internal.reflect.NativeMethodAccessorImpl.invoke0(Native Method)
at java.base/jdk.internal.reflect.NativeMethodAccessorImpl.invoke(NativeMethodAccessorImpl.java:77)
at java.base/jdk.internal.reflect.DelegatingMethodAccessorImpl.invoke(DelegatingMethodAccessorImpl.java:43)
at java.base/java.lang.reflect.Method.invoke(Method.java:568)
at org.testng.internal.invokers.MethodInvocationHelper.invokeMethod(MethodInvocationHelper.java:139)
at org.testng.internal.invokers.TestInvoker.invokeMethod(TestInvoker.java:664)
at org.testng.internal.invokers.TestInvoker.invokeTestMethod(TestInvoker.java:227)
at org.testng.internal.invokers.MethodRunner.runInSequence(MethodRunner.java:50)
at org.testng.internal.invokers.TestInvoker$MethodInvocationAgent.invoke(TestInvoker.java:957)
at org.testng.internal.invokers.TestInvoker.invokeTestMethods(TestInvoker.java:200)
at org.testng.internal.invokers.TestMethodWorker.invokeTestMethods(TestMethodWorker.java:148)
at org.testng.internal.invokers.TestMethodWorker.run(TestMethodWorker.java:128)
at java.base/java.util.ArrayList.forEach(ArrayList.java:1511)
at org.testng.TestRunner.privateRun(TestRunner.java:848)
at org.testng.TestRunner.run(TestRunner.java:621)
at org.testng.SuiteRunner.runTest(SuiteRunner.java:443)
at org.testng.SuiteRunner.runSequentially(SuiteRunner.java:437)
at org.testng.SuiteRunner.privateRun(SuiteRunner.java:397)
at org.testng.SuiteRunner.run(SuiteRunner.java:336)
at org.testng.SuiteRunnerWorker.runSuite(SuiteRunnerWorker.java:52)
at org.testng.SuiteRunnerWorker.run(SuiteRunnerWorker.java:95)
at org.testng.TestNG.runSuitesSequentially(TestNG.java:1280)
at org.testng.TestNG.runSuitesLocally(TestNG.java:1200)
at org.testng.TestNG.runSuites(TestNG.java:1114)
at org.testng.TestNG.run(TestNG.java:1082)
at org.testng.remote.AbstractRemoteTestNG.run(AbstractRemoteTestNG.java:115)
at org.testng.remote.RemoteTestNG.initAndRun(RemoteTestNG.java:251)
at org.testng.remote.RemoteTestNG.main(RemoteTestNG.java:77)
]]>
            </full-stacktrace>
          </exception> <!-- org.openqa.selenium.NoSuchSessionException -->
          <reporter-output>
          </reporter-output>
        </test-method> <!-- allPageTest -->
        <test-method signature="imgToPdf()[pri:0, instance:com.autointelli.demo.AutointelliPageTest@415156bf]" started-at="2023-09-04T20:23:43 IST" name="imgToPdf" finished-at="2023-09-04T20:24:00 IST" duration-ms="16947" status="PASS">
          <reporter-output>
          </reporter-output>
        </test-method> <!-- imgToPdf -->
      </class> <!-- com.autointelli.demo.AutointelliPageTest -->
    </test> <!-- Test -->
  </suite> <!-- Suite -->
</testng-results>
